<?xml version="1.0" encoding="UTF-8"?>
<testng-results ignored="0" total="3" passed="3" failed="0" skipped="0">
  <reporter-output>
  </reporter-output>
  <suite started-at="2025-05-27T19:23:28 IST" name="Cross-Platform" finished-at="2025-05-27T19:24:07 IST" duration-ms="38781">
    <groups>
    </groups>
    <test started-at="2025-05-27T19:23:28 IST" name="BStackDemo-0" finished-at="2025-05-27T19:23:56 IST" duration-ms="27980">
      <class name="com.browserstack.BStackDemoTest">
        <test-method is-config="true" signature="setUp()[pri:0, instance:com.browserstack.BStackDemoTest@60cf62ad]" started-at="2025-05-27T19:23:28 IST" name="setUp" finished-at="2025-05-27T19:23:47 IST" duration-ms="19371" status="PASS">
          <reporter-output>
          </reporter-output>
        </test-method> <!-- setUp -->
        <test-method signature="addProductToCart()[pri:0, instance:com.browserstack.BStackDemoTest@60cf62ad]" started-at="2025-05-27T19:23:47 IST" name="addProductToCart" finished-at="2025-05-27T19:23:51 IST" duration-ms="3543" status="PASS">
          <reporter-output>
          </reporter-output>
        </test-method> <!-- addProductToCart -->
        <test-method is-config="true" signature="tearDown()[pri:0, instance:com.browserstack.BStackDemoTest@60cf62ad]" started-at="2025-05-27T19:23:51 IST" name="tearDown" finished-at="2025-05-27T19:23:56 IST" duration-ms="4824" status="PASS">
          <reporter-output>
          </reporter-output>
        </test-method> <!-- tearDown -->
      </class> <!-- com.browserstack.BStackDemoTest -->
    </test> <!-- BStackDemo-0 -->
    <test started-at="2025-05-27T19:23:28 IST" name="BStackDemo-1" finished-at="2025-05-27T19:24:03 IST" duration-ms="35635">
      <class name="com.browserstack.BStackDemoTest">
        <test-method is-config="true" signature="setUp()[pri:0, instance:com.browserstack.BStackDemoTest@22a736d7]" started-at="2025-05-27T19:23:28 IST" name="setUp" finished-at="2025-05-27T19:23:53 IST" duration-ms="25274" status="PASS">
          <reporter-output>
          </reporter-output>
        </test-method> <!-- setUp -->
        <test-method signature="addProductToCart()[pri:0, instance:com.browserstack.BStackDemoTest@22a736d7]" started-at="2025-05-27T19:23:53 IST" name="addProductToCart" finished-at="2025-05-27T19:24:01 IST" duration-ms="7885" status="PASS">
          <reporter-output>
          </reporter-output>
        </test-method> <!-- addProductToCart -->
        <test-method is-config="true" signature="tearDown()[pri:0, instance:com.browserstack.BStackDemoTest@22a736d7]" started-at="2025-05-27T19:24:01 IST" name="tearDown" finished-at="2025-05-27T19:24:03 IST" duration-ms="2216" status="PASS">
          <reporter-output>
          </reporter-output>
        </test-method> <!-- tearDown -->
      </class> <!-- com.browserstack.BStackDemoTest -->
    </test> <!-- BStackDemo-1 -->
    <test started-at="2025-05-27T19:23:28 IST" name="BStackDemo-2" finished-at="2025-05-27T19:24:07 IST" duration-ms="38781">
      <class name="com.browserstack.BStackDemoTest">
        <test-method is-config="true" signature="setUp()[pri:0, instance:com.browserstack.BStackDemoTest@38d17d80]" started-at="2025-05-27T19:23:28 IST" name="setUp" finished-at="2025-05-27T19:23:58 IST" duration-ms="29953" status="PASS">
          <reporter-output>
          </reporter-output>
        </test-method> <!-- setUp -->
        <test-method signature="addProductToCart()[pri:0, instance:com.browserstack.BStackDemoTest@38d17d80]" started-at="2025-05-27T19:23:58 IST" name="addProductToCart" finished-at="2025-05-27T19:24:04 IST" duration-ms="5944" status="PASS">
          <reporter-output>
          </reporter-output>
        </test-method> <!-- addProductToCart -->
        <test-method is-config="true" signature="tearDown()[pri:0, instance:com.browserstack.BStackDemoTest@38d17d80]" started-at="2025-05-27T19:24:04 IST" name="tearDown" finished-at="2025-05-27T19:24:06 IST" duration-ms="2610" status="PASS">
          <reporter-output>
          </reporter-output>
        </test-method> <!-- tearDown -->
      </class> <!-- com.browserstack.BStackDemoTest -->
    </test> <!-- BStackDemo-2 -->
  </suite> <!-- Cross-Platform -->
</testng-results>
